Arguments: 
  /Users/erwanledoux/Documents/Git/Ledoux/catapultenv/bin/node /usr/local/Cellar/yarn/1.6.0/libexec/bin/yarn.js add redux

PATH: 
  /Users/erwanledoux/Documents/Git/Ledoux/catapultenv/lib/node_modules/.bin:/Users/erwanledoux/Documents/Git/Ledoux/catapultenv/bin:/Users/erwanledoux/Documents/Git/Ledoux/catapultenv/bin:/usr/local/bin:/usr/bin:/bin:/usr/sbin:/sbin:/Library/TeX/texbin:/usr/local/bin

Yarn version: 
  1.6.0

Node version: 
  8.12.0

Platform: 
  darwin x64

Trace: 
  Error: https://registry.npmjs.org/with-react-redux-login: Not found
      at Request.params.callback [as _callback] (/usr/local/Cellar/yarn/1.6.0/libexec/lib/cli.js:65327:18)
      at Request.self.callback (/usr/local/Cellar/yarn/1.6.0/libexec/lib/cli.js:133155:22)
      at emitTwo (events.js:126:13)
      at Request.emit (events.js:214:7)
      at Request.<anonymous> (/usr/local/Cellar/yarn/1.6.0/libexec/lib/cli.js:134138:10)
      at emitOne (events.js:116:13)
      at Request.emit (events.js:211:7)
      at IncomingMessage.<anonymous> (/usr/local/Cellar/yarn/1.6.0/libexec/lib/cli.js:134058:12)
      at Object.onceWrapper (events.js:313:30)
      at emitNone (events.js:111:20)

npm manifest: 
  {
    "dependencies": {
      "eslint": "^5.8.0",
      "with-react-redux-login": "1.0.2"
    },
    "devDependencies": {
      "@babel/core": "^7.0.1",
      "@babel/plugin-proposal-class-properties": "^7.0.0",
      "@babel/plugin-proposal-decorators": "^7.0.0",
      "@babel/preset-env": "^7.0.0",
      "@babel/preset-react": "^7.0.0",
      "babel-cli": "^6.24.1",
      "babel-core": "^7.0.0-0",
      "babel-eslint": "^7.2.3",
      "babel-jest": "^23.4.2",
      "babel-plugin-transform-class-properties": "^6.24.1",
      "babel-plugin-transform-object-rest-spread": "^6.26.0",
      "babel-polyfill": "^6.26.0",
      "babel-preset-env": "^1.7.0",
      "babel-preset-react": "^6.22.0",
      "enzyme": "^3.6.0",
      "enzyme-adapter-react-15": "^1.1.0",
      "enzyme-adapter-react-16": "^1.5.0",
      "eslint-config-airbnb": "^17.1.0",
      "eslint-config-prettier": "^3.1.0",
      "eslint-plugin-flowtype": "^2.34.1",
      "eslint-plugin-import": "^2.6.0",
      "eslint-plugin-jsx-a11y": "^6.1.1",
      "eslint-plugin-prettier": "^2.6.2",
      "eslint-plugin-react": "^7.1.0",
      "history": "^4.7.2",
      "jest": "^24.5.0",
      "jest-fetch-mock": "^2.1.1",
      "nodemon": "^1.11.0",
      "prettier": "1.12.1",
      "prettier-eslint": "^8.8.2",
      "prettier-stylelint": "^0.4.2",
      "pretty-quick": "^1.6.0",
      "react-addons-test-utils": "^15.6.2",
      "react-redux": "^5.0.7",
      "react-test-renderer": "^16.5.1",
      "redux": "^4.0.0",
      "redux-saga": "^0.15.3",
      "redux-saga-data": "2.2.3"
    },
    "keywords": [
      "react",
      "hoc",
      "login",
      "redux"
    ],
    "license": "MIT",
    "main": "lib/index.js",
    "name": "with-react-redux-login",
    "private": false,
    "repository": {
      "type": "git",
      "url": "https://github.com/betagouv/with-react-redux-login"
    },
    "scripts": {
      "compile": "rm -rf lib && babel --plugins transform-class-properties,transform-object-rest-spread --presets env,react -d lib/ src/",
      "postinstall": "if [ -d \"src/\" ]; then npm run compile; fi",
      "precommit": "./precommit.sh",
      "prettier": "$(yarn bin)/prettier --write 'src/**/*.js'",
      "prepublish": "npm run compile",
      "test": "yarn jest --env=jsdom ./src",
      "watch": "nodemon --watch src --exec \"npm run compile\""
    },
    "version": "1.0.0"
  }

yarn manifest: 
  No manifest

Lockfile: 
  No lockfile
